#
# There is insufficient memory for the Java Runtime Environment to continue.
# Native memory allocation (malloc) failed to allocate 1202816 bytes for Chunk::new
# Possible reasons:
#   The system is out of physical RAM or swap space
#   The process is running with CompressedOops enabled, and the Java Heap may be blocking the growth of the native heap
# Possible solutions:
#   Reduce memory load on the system
#   Increase physical memory or swap space
#   Check if swap backing store is full
#   Decrease Java heap size (-Xmx/-Xms)
#   Decrease number of Java threads
#   Decrease Java thread stack sizes (-Xss)
#   Set larger code cache with -XX:ReservedCodeCacheSize=
#   JVM is running with Unscaled Compressed Oops mode in which the Java heap is
#     placed in the first 4GB address space. The Java Heap base address is the
#     maximum limit for the native heap growth. Please use -XX:HeapBaseMinAddress
#     to set the Java Heap base and to place the Java Heap above 4GB virtual address.
# This output file may be truncated or incomplete.
#
#  Out of Memory Error (arena.cpp:189), pid=5580, tid=14184
#
# JRE version: OpenJDK Runtime Environment (17.0.2+8) (build 17.0.2+8-86)
# Java VM: OpenJDK 64-Bit Server VM (17.0.2+8-86, mixed mode, sharing, tiered, compressed oops, compressed class ptrs, g1 gc, windows-amd64)
# No core dump will be written. Minidumps are not enabled by default on client versions of Windows
#

---------------  S U M M A R Y ------------

Command Line: -javaagent:C:\IntelliJ IDEA Community Edition 2021.3.2\lib\idea_rt.jar=57709:C:\IntelliJ IDEA Community Edition 2021.3.2\bin -Dfile.encoding=UTF-8 com.test.test.TestApplicationKt

Host: Intel(R) Core(TM) i5-8250U CPU @ 1.60GHz, 8 cores, 7G,  Windows 10 , 64 bit Build 19041 (10.0.19041.1503)
Time: Wed Mar  9 21:37:28 2022 India Standard Time elapsed time: 6916.989430 seconds (0d 1h 55m 16s)

---------------  T H R E A D  ---------------

Current thread (0x000001ffca1e3a80):  JavaThread "C2 CompilerThread0" daemon [_thread_in_native, id=14184, stack(0x000000a96f100000,0x000000a96f200000)]


Current CompileTask:
C2:6916989 10389   !   4       org.springframework.data.mongodb.core.MongoTemplate::executeFindMultiInternal (198 bytes)

Stack: [0x000000a96f100000,0x000000a96f200000]
Native frames: (J=compiled Java code, j=interpreted, Vv=VM code, C=native code)
V  [jvm.dll+0x670baa]
V  [jvm.dll+0x7cfcb4]
V  [jvm.dll+0x7d145e]
V  [jvm.dll+0x7d1ac3]
V  [jvm.dll+0x242bc5]
V  [jvm.dll+0xaa57b]
V  [jvm.dll+0xaab0c]
V  [jvm.dll+0x2a991f]
V  [jvm.dll+0x5792d9]
V  [jvm.dll+0x21de3d]
V  [jvm.dll+0x217792]
V  [jvm.dll+0x214fab]
V  [jvm.dll+0x1a1bbd]
V  [jvm.dll+0x224908]
V  [jvm.dll+0x222a6c]
V  [jvm.dll+0x7859bb]
V  [jvm.dll+0x77ff7a]
V  [jvm.dll+0x66fa35]
C  [ucrtbase.dll+0x21bb2]
C  [KERNEL32.DLL+0x17034]
C  [ntdll.dll+0x52651]


---------------  P R O C E S S  ---------------

Threads class SMR info:
_java_thread_list=0x000001ffce642c60, length=31, elements={
0x000001ffca1ca3c0, 0x000001ffca1cae40, 0x000001ffca1dce80, 0x000001ffca1dd540,
0x000001ffca1ddb00, 0x000001ffca1df0d0, 0x000001ffca1e3a80, 0x000001ffca1e4130,
0x000001ffca1e6740, 0x000001ffcac7afd0, 0x000001ffcaf584d0, 0x000001ffcaf9a470,
0x000001ffcd963a80, 0x000001ffce635d20, 0x000001ffce591010, 0x000001ffd0aefaa0,
0x000001ffce592d20, 0x000001ffd0643430, 0x000001ffcdb7da90, 0x000001ffcdb7df60,
0x000001ffcdb7e430, 0x000001ffcdb7aa70, 0x000001ffcdb7b8e0, 0x000001ffcdb7af40,
0x000001ffcdb7b410, 0x000001ffcdb7bdb0, 0x000001ffcdb7c280, 0x000001ffcdb7c750,
0x000001ffd02e0670, 0x000001ffd02dd650, 0x000001ffd02de4c0
}

Java Threads: ( => current thread )
  0x000001ffca1ca3c0 JavaThread "Reference Handler" daemon [_thread_blocked, id=13792, stack(0x000000a96eb00000,0x000000a96ec00000)]
  0x000001ffca1cae40 JavaThread "Finalizer" daemon [_thread_blocked, id=14320, stack(0x000000a96ec00000,0x000000a96ed00000)]
  0x000001ffca1dce80 JavaThread "Signal Dispatcher" daemon [_thread_blocked, id=2964, stack(0x000000a96ed00000,0x000000a96ee00000)]
  0x000001ffca1dd540 JavaThread "Attach Listener" daemon [_thread_blocked, id=7064, stack(0x000000a96ee00000,0x000000a96ef00000)]
  0x000001ffca1ddb00 JavaThread "Service Thread" daemon [_thread_blocked, id=14568, stack(0x000000a96ef00000,0x000000a96f000000)]
  0x000001ffca1df0d0 JavaThread "Monitor Deflation Thread" daemon [_thread_blocked, id=12848, stack(0x000000a96f000000,0x000000a96f100000)]
=>0x000001ffca1e3a80 JavaThread "C2 CompilerThread0" daemon [_thread_in_native, id=14184, stack(0x000000a96f100000,0x000000a96f200000)]
  0x000001ffca1e4130 JavaThread "C1 CompilerThread0" daemon [_thread_blocked, id=10152, stack(0x000000a96f200000,0x000000a96f300000)]
  0x000001ffca1e6740 JavaThread "Sweeper thread" daemon [_thread_blocked, id=17464, stack(0x000000a96f300000,0x000000a96f400000)]
  0x000001ffcac7afd0 JavaThread "Common-Cleaner" daemon [_thread_blocked, id=17500, stack(0x000000a96f400000,0x000000a96f500000)]
  0x000001ffcaf584d0 JavaThread "Monitor Ctrl-Break" daemon [_thread_in_native, id=9268, stack(0x000000a96f500000,0x000000a96f600000)]
  0x000001ffcaf9a470 JavaThread "Notification Thread" daemon [_thread_blocked, id=18144, stack(0x000000a96f600000,0x000000a96f700000)]
  0x000001ffcd963a80 JavaThread "Catalina-utility-1" [_thread_blocked, id=18228, stack(0x000000a96fe00000,0x000000a96ff00000)]
  0x000001ffce635d20 JavaThread "Catalina-utility-2" [_thread_blocked, id=17420, stack(0x000000a96ff00000,0x000000a970000000)]
  0x000001ffce591010 JavaThread "container-0" [_thread_blocked, id=18312, stack(0x000000a970200000,0x000000a970300000)]
  0x000001ffd0aefaa0 JavaThread "cluster-ClusterId{value='6228b5cc319f7e650561cfaf', description='null'}-localhost:27017" daemon [_thread_in_native, id=10996, stack(0x000000a970300000,0x000000a970400000)]
  0x000001ffce592d20 JavaThread "cluster-rtt-ClusterId{value='6228b5cc319f7e650561cfaf', description='null'}-localhost:27017" daemon [_thread_blocked, id=10816, stack(0x000000a970400000,0x000000a970500000)]
  0x000001ffd0643430 JavaThread "MaintenanceTimer-1-thread-1" daemon [_thread_blocked, id=17896, stack(0x000000a970600000,0x000000a970700000)]
  0x000001ffcdb7da90 JavaThread "http-nio-8080-exec-1" daemon [_thread_blocked, id=8240, stack(0x000000a970800000,0x000000a970900000)]
  0x000001ffcdb7df60 JavaThread "http-nio-8080-exec-2" daemon [_thread_blocked, id=17332, stack(0x000000a970900000,0x000000a970a00000)]
  0x000001ffcdb7e430 JavaThread "http-nio-8080-exec-3" daemon [_thread_blocked, id=9164, stack(0x000000a970a00000,0x000000a970b00000)]
  0x000001ffcdb7aa70 JavaThread "http-nio-8080-exec-4" daemon [_thread_blocked, id=8576, stack(0x000000a970b00000,0x000000a970c00000)]
  0x000001ffcdb7b8e0 JavaThread "http-nio-8080-exec-5" daemon [_thread_blocked, id=18328, stack(0x000000a970c00000,0x000000a970d00000)]
  0x000001ffcdb7af40 JavaThread "http-nio-8080-exec-6" daemon [_thread_blocked, id=17700, stack(0x000000a970d00000,0x000000a970e00000)]
  0x000001ffcdb7b410 JavaThread "http-nio-8080-exec-7" daemon [_thread_blocked, id=17720, stack(0x000000a970e00000,0x000000a970f00000)]
  0x000001ffcdb7bdb0 JavaThread "http-nio-8080-exec-8" daemon [_thread_blocked, id=17996, stack(0x000000a970f00000,0x000000a971000000)]
  0x000001ffcdb7c280 JavaThread "http-nio-8080-exec-9" daemon [_thread_blocked, id=14192, stack(0x000000a971000000,0x000000a971100000)]
  0x000001ffcdb7c750 JavaThread "http-nio-8080-exec-10" daemon [_thread_blocked, id=14172, stack(0x000000a971100000,0x000000a971200000)]
  0x000001ffd02e0670 JavaThread "http-nio-8080-Poller" daemon [_thread_in_native, id=4124, stack(0x000000a971200000,0x000000a971300000)]
  0x000001ffd02dd650 JavaThread "http-nio-8080-Acceptor" daemon [_thread_in_native, id=18132, stack(0x000000a971300000,0x000000a971400000)]
  0x000001ffd02de4c0 JavaThread "DestroyJavaVM" [_thread_blocked, id=17460, stack(0x000000a96e400000,0x000000a96e500000)]

Other Threads:
  0x000001ffca1c37a0 VMThread "VM Thread" [stack: 0x000000a96ea00000,0x000000a96eb00000] [id=18268]
  0x000001ffac1c1b40 WatcherThread [stack: 0x000000a96f700000,0x000000a96f800000] [id=17608]
  0x000001ffac19a740 GCTaskThread "GC Thread#0" [stack: 0x000000a96e500000,0x000000a96e600000] [id=2796]
  0x000001ffcb5656a0 GCTaskThread "GC Thread#1" [stack: 0x000000a96f800000,0x000000a96f900000] [id=6928]
  0x000001ffcb5e1870 GCTaskThread "GC Thread#2" [stack: 0x000000a96f900000,0x000000a96fa00000] [id=16600]
  0x000001ffcb60fc40 GCTaskThread "GC Thread#3" [stack: 0x000000a96fa00000,0x000000a96fb00000] [id=8388]
  0x000001ffcb60fef0 GCTaskThread "GC Thread#4" [stack: 0x000000a96fb00000,0x000000a96fc00000] [id=15748]
  0x000001ffcb63d930 GCTaskThread "GC Thread#5" [stack: 0x000000a96fc00000,0x000000a96fd00000] [id=17916]
  0x000001ffcb63dbe0 GCTaskThread "GC Thread#6" [stack: 0x000000a96fd00000,0x000000a96fe00000] [id=17012]
  0x000001ffcb7d41d0 GCTaskThread "GC Thread#7" [stack: 0x000000a970000000,0x000000a970100000] [id=18120]
  0x000001ffac1ab300 ConcurrentGCThread "G1 Main Marker" [stack: 0x000000a96e600000,0x000000a96e700000] [id=17956]
  0x000001ffac1abd10 ConcurrentGCThread "G1 Conc#0" [stack: 0x000000a96e700000,0x000000a96e800000] [id=2100]
  0x000001ffcdbf9c80 ConcurrentGCThread "G1 Conc#1" [stack: 0x000000a970100000,0x000000a970200000] [id=15864]
  0x000001ffca080090 ConcurrentGCThread "G1 Refine#0" [stack: 0x000000a96e800000,0x000000a96e900000] [id=2120]
  0x000001ffca0806c0 ConcurrentGCThread "G1 Service" [stack: 0x000000a96e900000,0x000000a96ea00000] [id=17908]

Threads with active compile tasks:
C2 CompilerThread0  6918429 10389   !   4       org.springframework.data.mongodb.core.MongoTemplate::executeFindMultiInternal (198 bytes)

VM state: not at safepoint (normal execution)

VM Mutex/Monitor currently owned by a thread: None

Heap address: 0x0000000081c00000, size: 2020 MB, Compressed Oops mode: 32-bit

CDS archive(s) mapped at: [0x0000000800000000-0x0000000800bc0000-0x0000000800bc0000), size 12320768, SharedBaseAddress: 0x0000000800000000, ArchiveRelocationMode: 0.
Compressed class space mapped at: 0x0000000800c00000-0x0000000840c00000, reserved size: 1073741824
Narrow klass base: 0x0000000800000000, Narrow klass shift: 0, Narrow klass range: 0x100000000

GC Precious Log:
 CPUs: 8 total, 8 available
 Memory: 8073M
 Large Page Support: Disabled
 NUMA Support: Disabled
 Compressed Oops: Enabled (32-bit)
 Heap Region Size: 1M
 Heap Min Capacity: 8M
 Heap Initial Capacity: 128M
 Heap Max Capacity: 2020M
 Pre-touch: Disabled
 Parallel Workers: 8
 Concurrent Workers: 2
 Concurrent Refinement Workers: 8
 Periodic GC: Disabled

Heap:
 garbage-first heap   total 71680K, used 54271K [0x0000000081c00000, 0x0000000100000000)
  region size 1024K, 33 young (33792K), 1 survivors (1024K)
 Metaspace       used 50584K, committed 50880K, reserved 1097728K
  class space    used 6065K, committed 6208K, reserved 1048576K

Heap Regions: E=young(eden), S=young(survivor), O=old, HS=humongous(starts), HC=humongous(continues), CS=collection set, F=free, OA=open archive, CA=closed archive, TAMS=top-at-mark-start (previous, next)
|   0|0x0000000081c00000, 0x0000000081d00000, 0x0000000081d00000|100%| O|  |TAMS 0x0000000081d00000, 0x0000000081c00000| Untracked 
|   1|0x0000000081d00000, 0x0000000081e00000, 0x0000000081e00000|100%| O|  |TAMS 0x0000000081e00000, 0x0000000081d00000| Untracked 
|   2|0x0000000081e00000, 0x0000000081f00000, 0x0000000081f00000|100%| O|  |TAMS 0x0000000081f00000, 0x0000000081e00000| Untracked 
|   3|0x0000000081f00000, 0x0000000082000000, 0x0000000082000000|100%| O|  |TAMS 0x0000000082000000, 0x0000000081f00000| Untracked 
|   4|0x0000000082000000, 0x0000000082100000, 0x0000000082100000|100%| O|  |TAMS 0x0000000082100000, 0x0000000082000000| Untracked 
|   5|0x0000000082100000, 0x0000000082200000, 0x0000000082200000|100%| O|  |TAMS 0x0000000082200000, 0x0000000082100000| Untracked 
|   6|0x0000000082200000, 0x0000000082300000, 0x0000000082300000|100%| O|  |TAMS 0x0000000082300000, 0x0000000082200000| Untracked 
|   7|0x0000000082300000, 0x0000000082400000, 0x0000000082400000|100%| O|  |TAMS 0x0000000082400000, 0x0000000082300000| Untracked 
|   8|0x0000000082400000, 0x0000000082500000, 0x0000000082500000|100%| O|  |TAMS 0x0000000082500000, 0x0000000082400000| Untracked 
|   9|0x0000000082500000, 0x0000000082600000, 0x0000000082600000|100%| O|  |TAMS 0x0000000082600000, 0x0000000082500000| Untracked 
|  10|0x0000000082600000, 0x0000000082700000, 0x0000000082700000|100%| O|  |TAMS 0x0000000082700000, 0x0000000082600000| Untracked 
|  11|0x0000000082700000, 0x0000000082800000, 0x0000000082800000|100%| O|  |TAMS 0x0000000082800000, 0x0000000082700000| Untracked 
|  12|0x0000000082800000, 0x0000000082900000, 0x0000000082900000|100%| O|  |TAMS 0x0000000082900000, 0x0000000082800000| Untracked 
|  13|0x0000000082900000, 0x0000000082a00000, 0x0000000082a00000|100%| O|  |TAMS 0x0000000082a00000, 0x0000000082900000| Untracked 
|  14|0x0000000082a00000, 0x0000000082b00000, 0x0000000082b00000|100%| O|  |TAMS 0x0000000082b00000, 0x0000000082a00000| Untracked 
|  15|0x0000000082b00000, 0x0000000082c00000, 0x0000000082c00000|100%| O|  |TAMS 0x0000000082c00000, 0x0000000082b00000| Untracked 
|  16|0x0000000082c00000, 0x0000000082d00000, 0x0000000082d00000|100%| O|  |TAMS 0x0000000082c20e00, 0x0000000082c00000| Untracked 
|  17|0x0000000082d00000, 0x0000000082e00000, 0x0000000082e00000|100%| O|  |TAMS 0x0000000082d00000, 0x0000000082d00000| Untracked 
|  18|0x0000000082e00000, 0x0000000082f00000, 0x0000000082f00000|100%| O|  |TAMS 0x0000000082e00000, 0x0000000082e00000| Untracked 
|  19|0x0000000082f00000, 0x0000000083000000, 0x0000000083000000|100%| O|  |TAMS 0x0000000082f00000, 0x0000000082f00000| Untracked 
|  20|0x0000000083000000, 0x0000000083100000, 0x0000000083100000|100%| O|  |TAMS 0x0000000083000000, 0x0000000083000000| Untracked 
|  21|0x0000000083100000, 0x00000000831f6600, 0x0000000083200000| 96%| O|  |TAMS 0x0000000083100000, 0x0000000083100000| Untracked 
|  22|0x0000000083200000, 0x0000000083200000, 0x0000000083300000|  0%| F|  |TAMS 0x0000000083200000, 0x0000000083200000| Untracked 
|  23|0x0000000083300000, 0x0000000083300000, 0x0000000083400000|  0%| F|  |TAMS 0x0000000083300000, 0x0000000083300000| Untracked 
|  24|0x0000000083400000, 0x0000000083400000, 0x0000000083500000|  0%| F|  |TAMS 0x0000000083400000, 0x0000000083400000| Untracked 
|  25|0x0000000083500000, 0x0000000083500000, 0x0000000083600000|  0%| F|  |TAMS 0x0000000083500000, 0x0000000083500000| Untracked 
|  26|0x0000000083600000, 0x0000000083600000, 0x0000000083700000|  0%| F|  |TAMS 0x0000000083600000, 0x0000000083600000| Untracked 
|  27|0x0000000083700000, 0x0000000083700000, 0x0000000083800000|  0%| F|  |TAMS 0x0000000083700000, 0x0000000083700000| Untracked 
|  28|0x0000000083800000, 0x0000000083800000, 0x0000000083900000|  0%| F|  |TAMS 0x0000000083800000, 0x0000000083800000| Untracked 
|  29|0x0000000083900000, 0x0000000083900000, 0x0000000083a00000|  0%| F|  |TAMS 0x0000000083900000, 0x0000000083900000| Untracked 
|  30|0x0000000083a00000, 0x0000000083a09930, 0x0000000083b00000|  3%| S|CS|TAMS 0x0000000083a00000, 0x0000000083a00000| Complete 
|  31|0x0000000083b00000, 0x0000000083b00000, 0x0000000083c00000|  0%| F|  |TAMS 0x0000000083b00000, 0x0000000083b00000| Untracked 
|  32|0x0000000083c00000, 0x0000000083c00000, 0x0000000083d00000|  0%| F|  |TAMS 0x0000000083c00000, 0x0000000083c00000| Untracked 
|  33|0x0000000083d00000, 0x0000000083d00000, 0x0000000083e00000|  0%| F|  |TAMS 0x0000000083d00000, 0x0000000083d00000| Untracked 
|  34|0x0000000083e00000, 0x0000000083e00000, 0x0000000083f00000|  0%| F|  |TAMS 0x0000000083e00000, 0x0000000083e00000| Untracked 
|  35|0x0000000083f00000, 0x0000000083f00000, 0x0000000084000000|  0%| F|  |TAMS 0x0000000083f00000, 0x0000000083f00000| Untracked 
|  36|0x0000000084000000, 0x0000000084000000, 0x0000000084100000|  0%| F|  |TAMS 0x0000000084000000, 0x0000000084000000| Untracked 
|  37|0x0000000084100000, 0x0000000084100000, 0x0000000084200000|  0%| F|  |TAMS 0x0000000084100000, 0x0000000084100000| Untracked 
|  38|0x0000000084200000, 0x0000000084261f80, 0x0000000084300000| 38%| E|  |TAMS 0x0000000084200000, 0x0000000084200000| Complete 
|  39|0x0000000084300000, 0x0000000084400000, 0x0000000084400000|100%| E|CS|TAMS 0x0000000084300000, 0x0000000084300000| Complete 
|  40|0x0000000084400000, 0x0000000084500000, 0x0000000084500000|100%| E|CS|TAMS 0x0000000084400000, 0x0000000084400000| Complete 
|  41|0x0000000084500000, 0x0000000084600000, 0x0000000084600000|100%| E|CS|TAMS 0x0000000084500000, 0x0000000084500000| Complete 
|  42|0x0000000084600000, 0x0000000084700000, 0x0000000084700000|100%| E|CS|TAMS 0x0000000084600000, 0x0000000084600000| Complete 
|  43|0x0000000084700000, 0x0000000084800000, 0x0000000084800000|100%| E|CS|TAMS 0x0000000084700000, 0x0000000084700000| Complete 
|  44|0x0000000084800000, 0x0000000084900000, 0x0000000084900000|100%| E|CS|TAMS 0x0000000084800000, 0x0000000084800000| Complete 
|  45|0x0000000084900000, 0x0000000084a00000, 0x0000000084a00000|100%| E|CS|TAMS 0x0000000084900000, 0x0000000084900000| Complete 
|  46|0x0000000084a00000, 0x0000000084b00000, 0x0000000084b00000|100%| E|CS|TAMS 0x0000000084a00000, 0x0000000084a00000| Complete 
|  47|0x0000000084b00000, 0x0000000084c00000, 0x0000000084c00000|100%| E|CS|TAMS 0x0000000084b00000, 0x0000000084b00000| Complete 
|  48|0x0000000084c00000, 0x0000000084d00000, 0x0000000084d00000|100%| E|CS|TAMS 0x0000000084c00000, 0x0000000084c00000| Complete 
|  49|0x0000000084d00000, 0x0000000084e00000, 0x0000000084e00000|100%| E|CS|TAMS 0x0000000084d00000, 0x0000000084d00000| Complete 
|  50|0x0000000084e00000, 0x0000000084f00000, 0x0000000084f00000|100%| E|CS|TAMS 0x0000000084e00000, 0x0000000084e00000| Complete 
|  51|0x0000000084f00000, 0x0000000085000000, 0x0000000085000000|100%| E|CS|TAMS 0x0000000084f00000, 0x0000000084f00000| Complete 
|  52|0x0000000085000000, 0x0000000085100000, 0x0000000085100000|100%| E|CS|TAMS 0x0000000085000000, 0x0000000085000000| Complete 
|  53|0x0000000085100000, 0x0000000085200000, 0x0000000085200000|100%| E|CS|TAMS 0x0000000085100000, 0x0000000085100000| Complete 
|  54|0x0000000085200000, 0x0000000085300000, 0x0000000085300000|100%| E|CS|TAMS 0x0000000085200000, 0x0000000085200000| Complete 
|  55|0x0000000085300000, 0x0000000085400000, 0x0000000085400000|100%| E|CS|TAMS 0x0000000085300000, 0x0000000085300000| Complete 
|  56|0x0000000085400000, 0x0000000085500000, 0x0000000085500000|100%| E|CS|TAMS 0x0000000085400000, 0x0000000085400000| Complete 
|  57|0x0000000085500000, 0x0000000085600000, 0x0000000085600000|100%| E|CS|TAMS 0x0000000085500000, 0x0000000085500000| Complete 
|  58|0x0000000085600000, 0x0000000085700000, 0x0000000085700000|100%| E|CS|TAMS 0x0000000085600000, 0x0000000085600000| Complete 
|  59|0x0000000085700000, 0x0000000085800000, 0x0000000085800000|100%| E|CS|TAMS 0x0000000085700000, 0x0000000085700000| Complete 
|  60|0x0000000085800000, 0x0000000085900000, 0x0000000085900000|100%| E|CS|TAMS 0x0000000085800000, 0x0000000085800000| Complete 
|  61|0x0000000085900000, 0x0000000085a00000, 0x0000000085a00000|100%| E|CS|TAMS 0x0000000085900000, 0x0000000085900000| Complete 
|  62|0x0000000085a00000, 0x0000000085b00000, 0x0000000085b00000|100%| E|CS|TAMS 0x0000000085a00000, 0x0000000085a00000| Complete 
|  63|0x0000000085b00000, 0x0000000085c00000, 0x0000000085c00000|100%| E|CS|TAMS 0x0000000085b00000, 0x0000000085b00000| Complete 
|  64|0x0000000085c00000, 0x0000000085d00000, 0x0000000085d00000|100%| E|CS|TAMS 0x0000000085c00000, 0x0000000085c00000| Complete 
|  78|0x0000000086a00000, 0x0000000086b00000, 0x0000000086b00000|100%| E|CS|TAMS 0x0000000086a00000, 0x0000000086a00000| Complete 
|  79|0x0000000086b00000, 0x0000000086c00000, 0x0000000086c00000|100%| E|CS|TAMS 0x0000000086b00000, 0x0000000086b00000| Complete 
|  80|0x0000000086c00000, 0x0000000086d00000, 0x0000000086d00000|100%| E|CS|TAMS 0x0000000086c00000, 0x0000000086c00000| Complete 
|  81|0x0000000086d00000, 0x0000000086e00000, 0x0000000086e00000|100%| E|CS|TAMS 0x0000000086d00000, 0x0000000086d00000| Complete 
| 127|0x0000000089b00000, 0x0000000089c00000, 0x0000000089c00000|100%| E|CS|TAMS 0x0000000089b00000, 0x0000000089b00000| Complete 

Card table byte_map: [0x000001ffc30d0000,0x000001ffc34d0000] _byte_map_base: 0x000001ffc2cc2000

Marking Bits (Prev, Next): (CMBitMap*) 0x000001ffac19ad90, (CMBitMap*) 0x000001ffac19ad50
 Prev Bits: [0x000001ffc5860000, 0x000001ffc77f0000)
 Next Bits: [0x000001ffc38d0000, 0x000001ffc5860000)

Polling page: 0x000001ffaa120000

Metaspace:

Usage:
  Non-class:     43.48 MB used.
      Class:      5.92 MB used.
       Both:     49.40 MB used.

Virtual space:
  Non-class space:       48.00 MB reserved,      43.62 MB ( 91%) committed,  6 nodes.
      Class space:        1.00 GB reserved,       6.06 MB ( <1%) committed,  1 nodes.
             Both:        1.05 GB reserved,      49.69 MB (  5%) committed. 

Chunk freelists:
   Non-Class:  80.00 KB
       Class:  1.88 MB
        Both:  1.96 MB

MaxMetaspaceSize: unlimited
CompressedClassSpaceSize: 1.00 GB
Initial GC threshold: 21.00 MB
Current GC threshold: 68.69 MB
CDS: on
MetaspaceReclaimPolicy: balanced
 - commit_granule_bytes: 65536.
 - commit_granule_words: 8192.
 - virtual_space_node_default_size: 1048576.
 - enlarge_chunks_in_place: 1.
 - new_chunks_are_fully_committed: 0.
 - uncommit_free_chunks: 1.
 - use_allocation_guard: 0.
 - handle_deallocations: 1.


Internal statistics:

num_allocs_failed_limit: 6.
num_arena_births: 394.
num_arena_deaths: 0.
num_vsnodes_births: 7.
num_vsnodes_deaths: 0.
num_space_committed: 795.
num_space_uncommitted: 0.
num_chunks_returned_to_freelist: 6.
num_chunks_taken_from_freelist: 2198.
num_chunk_merges: 6.
num_chunk_splits: 1564.
num_chunks_enlarged: 1269.
num_purges: 0.
num_inconsistent_stats: 0.

CodeHeap 'non-profiled nmethods': size=120000Kb used=8764Kb max_used=8764Kb free=111236Kb
 bounds [0x000001ffbb470000, 0x000001ffbbd00000, 0x000001ffc29a0000]
CodeHeap 'profiled nmethods': size=120000Kb used=15013Kb max_used=16873Kb free=104986Kb
 bounds [0x000001ffb3f40000, 0x000001ffb4fe0000, 0x000001ffbb470000]
CodeHeap 'non-nmethods': size=5760Kb used=1286Kb max_used=1388Kb free=4473Kb
 bounds [0x000001ffb39a0000, 0x000001ffb3c10000, 0x000001ffb3f40000]
 total_blobs=8800 nmethods=8193 adapters=519
 compilation: enabled
              stopped_count=0, restarted_count=0
 full_count=0

Compilation events (20 events):
Event: 6916.034 Thread 0x000001ffca1e3a80 nmethod 10379 0x000001ffbbcfe610 code [0x000001ffbbcfe7a0, 0x000001ffbbcfe978]
Event: 6916.214 Thread 0x000001ffca1e4130 10380       3       kotlin.reflect.jvm.internal.pcollections.ConsPStack::subList (37 bytes)
Event: 6916.215 Thread 0x000001ffca1e4130 nmethod 10380 0x000001ffb49ba610 code [0x000001ffb49ba7e0, 0x000001ffb49baad8]
Event: 6916.216 Thread 0x000001ffca1e3a80 10381       4       kotlin.reflect.jvm.internal.impl.metadata.ProtoBuf$TypeTable$1::parsePartialFrom (7 bytes)
Event: 6916.217 Thread 0x000001ffca1e3a80 nmethod 10381 0x000001ffbbcfec10 code [0x000001ffbbcfeda0, 0x000001ffbbcfeec8]
Event: 6916.222 Thread 0x000001ffca1e4130 10383       3       kotlin.reflect.jvm.internal.KDeclarationContainerImpl::loadParameterTypes (149 bytes)
Event: 6916.224 Thread 0x000001ffca1e4130 nmethod 10383 0x000001ffb4a7f590 code [0x000001ffb4a7f9a0, 0x000001ffb4a81728]
Event: 6916.224 Thread 0x000001ffca1e4130 10387       3       sun.reflect.generics.parser.SignatureParser::<init> (5 bytes)
Event: 6916.224 Thread 0x000001ffca1e4130 nmethod 10387 0x000001ffb49ba290 code [0x000001ffb49ba420, 0x000001ffb49ba578]
Event: 6916.224 Thread 0x000001ffca1e4130 10384       3       kotlin.reflect.jvm.internal.calls.CallerImpl$Method::<init> (8 bytes)
Event: 6916.225 Thread 0x000001ffca1e4130 nmethod 10384 0x000001ffb4e5d510 code [0x000001ffb4e5d6a0, 0x000001ffb4e5d7e8]
Event: 6916.225 Thread 0x000001ffca1e4130 10382       3       kotlin.reflect.jvm.internal.KDeclarationContainerImpl::loadReturnType (26 bytes)
Event: 6916.225 Thread 0x000001ffca1e4130 nmethod 10382 0x000001ffb49d0390 code [0x000001ffb49d0560, 0x000001ffb49d0818]
Event: 6916.225 Thread 0x000001ffca1e4130 10388       3       sun.reflect.generics.parser.SignatureParser::make (8 bytes)
Event: 6916.225 Thread 0x000001ffca1e4130 nmethod 10388 0x000001ffb436a990 code [0x000001ffb436ab40, 0x000001ffb436ad38]
Event: 6916.225 Thread 0x000001ffca1e4130 10385       3       kotlin.reflect.jvm.internal.calls.CallerImpl$Method::<init> (55 bytes)
Event: 6916.227 Thread 0x000001ffca1e4130 nmethod 10385 0x000001ffb4b8be10 code [0x000001ffb4b8c080, 0x000001ffb4b8cc78]
Event: 6916.227 Thread 0x000001ffca1e4130 10386       3       kotlin.reflect.jvm.internal.calls.CallerImpl::<init> (10 bytes)
Event: 6916.227 Thread 0x000001ffca1e4130 nmethod 10386 0x000001ffb49d0010 code [0x000001ffb49d01a0, 0x000001ffb49d02e8]
Event: 6916.273 Thread 0x000001ffca1e3a80 10389   !   4       org.springframework.data.mongodb.core.MongoTemplate::executeFindMultiInternal (198 bytes)

GC Heap History (20 events):
Event: 6889.851 GC heap before
{Heap before GC invocations=81 (full 0):
 garbage-first heap   total 71680K, used 62416K [0x0000000081c00000, 0x0000000100000000)
  region size 1024K, 40 young (40960K), 1 survivors (1024K)
 Metaspace       used 50537K, committed 50816K, reserved 1097728K
  class space    used 6065K, committed 6208K, reserved 1048576K
}
Event: 6889.852 GC heap after
{Heap after GC invocations=82 (full 0):
 garbage-first heap   total 71680K, used 22489K [0x0000000081c00000, 0x0000000100000000)
  region size 1024K, 1 young (1024K), 1 survivors (1024K)
 Metaspace       used 50537K, committed 50816K, reserved 1097728K
  class space    used 6065K, committed 6208K, reserved 1048576K
}
Event: 6892.877 GC heap before
{Heap before GC invocations=82 (full 0):
 garbage-first heap   total 71680K, used 62425K [0x0000000081c00000, 0x0000000100000000)
  region size 1024K, 40 young (40960K), 1 survivors (1024K)
 Metaspace       used 50540K, committed 50816K, reserved 1097728K
  class space    used 6065K, committed 6208K, reserved 1048576K
}
Event: 6892.878 GC heap after
{Heap after GC invocations=83 (full 0):
 garbage-first heap   total 71680K, used 22489K [0x0000000081c00000, 0x0000000100000000)
  region size 1024K, 1 young (1024K), 1 survivors (1024K)
 Metaspace       used 50540K, committed 50816K, reserved 1097728K
  class space    used 6065K, committed 6208K, reserved 1048576K
}
Event: 6895.525 GC heap before
{Heap before GC invocations=83 (full 0):
 garbage-first heap   total 71680K, used 62425K [0x0000000081c00000, 0x0000000100000000)
  region size 1024K, 40 young (40960K), 1 survivors (1024K)
 Metaspace       used 50541K, committed 50816K, reserved 1097728K
  class space    used 6065K, committed 6208K, reserved 1048576K
}
Event: 6895.526 GC heap after
{Heap after GC invocations=84 (full 0):
 garbage-first heap   total 71680K, used 22499K [0x0000000081c00000, 0x0000000100000000)
  region size 1024K, 1 young (1024K), 1 survivors (1024K)
 Metaspace       used 50541K, committed 50816K, reserved 1097728K
  class space    used 6065K, committed 6208K, reserved 1048576K
}
Event: 6898.942 GC heap before
{Heap before GC invocations=84 (full 0):
 garbage-first heap   total 71680K, used 62435K [0x0000000081c00000, 0x0000000100000000)
  region size 1024K, 40 young (40960K), 1 survivors (1024K)
 Metaspace       used 50541K, committed 50816K, reserved 1097728K
  class space    used 6065K, committed 6208K, reserved 1048576K
}
Event: 6898.943 GC heap after
{Heap after GC invocations=85 (full 0):
 garbage-first heap   total 71680K, used 22495K [0x0000000081c00000, 0x0000000100000000)
  region size 1024K, 1 young (1024K), 1 survivors (1024K)
 Metaspace       used 50541K, committed 50816K, reserved 1097728K
  class space    used 6065K, committed 6208K, reserved 1048576K
}
Event: 6900.944 GC heap before
{Heap before GC invocations=85 (full 0):
 garbage-first heap   total 71680K, used 62431K [0x0000000081c00000, 0x0000000100000000)
  region size 1024K, 40 young (40960K), 1 survivors (1024K)
 Metaspace       used 50544K, committed 50816K, reserved 1097728K
  class space    used 6065K, committed 6208K, reserved 1048576K
}
Event: 6900.945 GC heap after
{Heap after GC invocations=86 (full 0):
 garbage-first heap   total 71680K, used 22526K [0x0000000081c00000, 0x0000000100000000)
  region size 1024K, 1 young (1024K), 1 survivors (1024K)
 Metaspace       used 50544K, committed 50816K, reserved 1097728K
  class space    used 6065K, committed 6208K, reserved 1048576K
}
Event: 6903.544 GC heap before
{Heap before GC invocations=86 (full 0):
 garbage-first heap   total 71680K, used 62462K [0x0000000081c00000, 0x0000000100000000)
  region size 1024K, 40 young (40960K), 1 survivors (1024K)
 Metaspace       used 50556K, committed 50880K, reserved 1097728K
  class space    used 6065K, committed 6208K, reserved 1048576K
}
Event: 6903.546 GC heap after
{Heap after GC invocations=87 (full 0):
 garbage-first heap   total 71680K, used 22506K [0x0000000081c00000, 0x0000000100000000)
  region size 1024K, 1 young (1024K), 1 survivors (1024K)
 Metaspace       used 50556K, committed 50880K, reserved 1097728K
  class space    used 6065K, committed 6208K, reserved 1048576K
}
Event: 6909.186 GC heap before
{Heap before GC invocations=87 (full 0):
 garbage-first heap   total 71680K, used 62442K [0x0000000081c00000, 0x0000000100000000)
  region size 1024K, 40 young (40960K), 1 survivors (1024K)
 Metaspace       used 50556K, committed 50880K, reserved 1097728K
  class space    used 6065K, committed 6208K, reserved 1048576K
}
Event: 6909.187 GC heap after
{Heap after GC invocations=88 (full 0):
 garbage-first heap   total 71680K, used 22516K [0x0000000081c00000, 0x0000000100000000)
  region size 1024K, 1 young (1024K), 1 survivors (1024K)
 Metaspace       used 50556K, committed 50880K, reserved 1097728K
  class space    used 6065K, committed 6208K, reserved 1048576K
}
Event: 6911.178 GC heap before
{Heap before GC invocations=88 (full 0):
 garbage-first heap   total 71680K, used 62452K [0x0000000081c00000, 0x0000000100000000)
  region size 1024K, 40 young (40960K), 1 survivors (1024K)
 Metaspace       used 50556K, committed 50880K, reserved 1097728K
  class space    used 6065K, committed 6208K, reserved 1048576K
}
Event: 6911.202 GC heap after
{Heap after GC invocations=89 (full 0):
 garbage-first heap   total 71680K, used 22553K [0x0000000081c00000, 0x0000000100000000)
  region size 1024K, 1 young (1024K), 1 survivors (1024K)
 Metaspace       used 50556K, committed 50880K, reserved 1097728K
  class space    used 6065K, committed 6208K, reserved 1048576K
}
Event: 6915.195 GC heap before
{Heap before GC invocations=89 (full 0):
 garbage-first heap   total 71680K, used 62489K [0x0000000081c00000, 0x0000000100000000)
  region size 1024K, 40 young (40960K), 1 survivors (1024K)
 Metaspace       used 50556K, committed 50880K, reserved 1097728K
  class space    used 6065K, committed 6208K, reserved 1048576K
}
Event: 6915.196 GC heap after
{Heap after GC invocations=90 (full 0):
 garbage-first heap   total 71680K, used 22539K [0x0000000081c00000, 0x0000000100000000)
  region size 1024K, 1 young (1024K), 1 survivors (1024K)
 Metaspace       used 50556K, committed 50880K, reserved 1097728K
  class space    used 6065K, committed 6208K, reserved 1048576K
}
Event: 6916.213 GC heap before
{Heap before GC invocations=90 (full 0):
 garbage-first heap   total 71680K, used 62475K [0x0000000081c00000, 0x0000000100000000)
  region size 1024K, 40 young (40960K), 1 survivors (1024K)
 Metaspace       used 50583K, committed 50880K, reserved 1097728K
  class space    used 6065K, committed 6208K, reserved 1048576K
}
Event: 6916.214 GC heap after
{Heap after GC invocations=91 (full 0):
 garbage-first heap   total 71680K, used 22527K [0x0000000081c00000, 0x0000000100000000)
  region size 1024K, 1 young (1024K), 1 survivors (1024K)
 Metaspace       used 50583K, committed 50880K, reserved 1097728K
  class space    used 6065K, committed 6208K, reserved 1048576K
}

Deoptimization events (20 events):
Event: 6809.234 Thread 0x000001ffcdb7aa70 DEOPT PACKING pc=0x000001ffbb7f3a8c sp=0x000000a970bfd910
Event: 6809.234 Thread 0x000001ffcdb7aa70 DEOPT UNPACKING pc=0x000001ffb39f23a3 sp=0x000000a970bfd798 mode 2
Event: 6810.458 Thread 0x000001ffcdb7bdb0 Uncommon trap: trap_request=0xfffffff4 fr.pc=0x000001ffbbc7a3fc relative=0x0000000000000bbc
Event: 6810.458 Thread 0x000001ffcdb7bdb0 Uncommon trap: reason=null_check action=make_not_entrant pc=0x000001ffbbc7a3fc method=kotlin.reflect.jvm.internal.impl.storage.LockBasedStorageManager$LockBasedLazyValue.invoke()Ljava/lang/Object; @ 35 c2
Event: 6810.458 Thread 0x000001ffcdb7bdb0 DEOPT PACKING pc=0x000001ffbbc7a3fc sp=0x000000a970ffd1a0
Event: 6810.458 Thread 0x000001ffcdb7bdb0 DEOPT UNPACKING pc=0x000001ffb39f23a3 sp=0x000000a970ffd158 mode 2
Event: 6810.480 Thread 0x000001ffcdb7aa70 Uncommon trap: trap_request=0xfffffff4 fr.pc=0x000001ffbbc7a3fc relative=0x0000000000000bbc
Event: 6810.480 Thread 0x000001ffcdb7aa70 Uncommon trap: reason=null_check action=make_not_entrant pc=0x000001ffbbc7a3fc method=kotlin.reflect.jvm.internal.impl.storage.LockBasedStorageManager$LockBasedLazyValue.invoke()Ljava/lang/Object; @ 35 c2
Event: 6810.480 Thread 0x000001ffcdb7aa70 DEOPT PACKING pc=0x000001ffbbc7a3fc sp=0x000000a970bfd160
Event: 6810.496 Thread 0x000001ffcdb7aa70 DEOPT UNPACKING pc=0x000001ffb39f23a3 sp=0x000000a970bfd118 mode 2
Event: 6817.728 Thread 0x000001ffcdb7aa70 Uncommon trap: trap_request=0xffffff45 fr.pc=0x000001ffbbc1f874 relative=0x0000000000001314
Event: 6817.728 Thread 0x000001ffcdb7aa70 Uncommon trap: reason=unstable_if action=reinterpret pc=0x000001ffbbc1f874 method=java.util.concurrent.locks.AbstractQueuedSynchronizer.acquire(Ljava/util/concurrent/locks/AbstractQueuedSynchronizer$Node;IZZZJ)I @ 271 c2
Event: 6817.728 Thread 0x000001ffcdb7aa70 DEOPT PACKING pc=0x000001ffbbc1f874 sp=0x000000a970bfd2b0
Event: 6817.728 Thread 0x000001ffcdb7aa70 DEOPT UNPACKING pc=0x000001ffb39f23a3 sp=0x000000a970bfd250 mode 2
Event: 6865.378 Thread 0x000001ffd02e0670 DEOPT PACKING pc=0x000001ffb49e23ec sp=0x000000a9712ff520
Event: 6865.378 Thread 0x000001ffd02e0670 DEOPT UNPACKING pc=0x000001ffb39f2b43 sp=0x000000a9712fea68 mode 0
Event: 6908.328 Thread 0x000001ffcdb7da90 Uncommon trap: trap_request=0xffffff45 fr.pc=0x000001ffbba36748 relative=0x0000000000004568
Event: 6908.328 Thread 0x000001ffcdb7da90 Uncommon trap: reason=unstable_if action=reinterpret pc=0x000001ffbba36748 method=java.util.concurrent.locks.ReentrantReadWriteLock$Sync.tryAcquire(I)Z @ 69 c2
Event: 6908.328 Thread 0x000001ffcdb7da90 DEOPT PACKING pc=0x000001ffbba36748 sp=0x000000a9708fdc50
Event: 6908.328 Thread 0x000001ffcdb7da90 DEOPT UNPACKING pc=0x000001ffb39f23a3 sp=0x000000a9708fd5d0 mode 2

Classes unloaded (0 events):
No events

Classes redefined (0 events):
No events

Internal exceptions (20 events):
Event: 18.299 Thread 0x000001ffac1596f0 Exception <a 'java/lang/NoSuchMethodError'{0x0000000083a47308}: 'int java.lang.invoke.DirectMethodHandle$Holder.invokeStaticInit(java.lang.Object, java.lang.Object, java.lang.Object, java.lang.Object)'> (0x0000000083a47308) 
thrown [t:\workspace\open\src\hotspot\share\interpreter\linkResolver.cpp, line 766]
Event: 18.359 Thread 0x000001ffac1596f0 Exception <a 'java/lang/NoSuchMethodError'{0x0000000083807818}: 'java.lang.Object java.lang.invoke.DirectMethodHandle$Holder.newInvokeSpecial(java.lang.Object, java.lang.Object, int, java.lang.Object, java.lang.Object)'> (0x0000000083807818) 
thrown [t:\workspace\open\src\hotspot\share\interpreter\linkResolver.cpp, line 766]
Event: 18.360 Thread 0x000001ffac1596f0 Exception <a 'java/lang/NoSuchMethodError'{0x0000000083813068}: 'java.lang.Object java.lang.invoke.DirectMethodHandle$Holder.invokeSpecial(java.lang.Object, java.lang.Object, int, java.lang.Object, int, java.lang.Object)'> (0x0000000083813068) 
thrown [t:\workspace\open\src\hotspot\share\interpreter\linkResolver.cpp, line 766]
Event: 18.361 Thread 0x000001ffac1596f0 Exception <a 'java/lang/NoSuchMethodError'{0x000000008381ae68}: 'java.lang.Object java.lang.invoke.DirectMethodHandle$Holder.newInvokeSpecial(java.lang.Object, java.lang.Object, int, java.lang.Object, int)'> (0x000000008381ae68) 
thrown [t:\workspace\open\src\hotspot\share\interpreter\linkResolver.cpp, line 766]
Event: 18.361 Thread 0x000001ffac1596f0 Exception <a 'java/lang/NoSuchMethodError'{0x000000008381ef68}: 'java.lang.Object java.lang.invoke.DirectMethodHandle$Holder.invokeSpecial(java.lang.Object, java.lang.Object, java.lang.Object, int, java.lang.Object, int)'> (0x000000008381ef68) 
thrown [t:\workspace\open\src\hotspot\share\interpreter\linkResolver.cpp, line 766]
Event: 310.771 Thread 0x000001ffcdb7e430 Exception <a 'java/lang/NoSuchMethodError'{0x0000000089b1a188}: 'java.lang.Object java.lang.invoke.DirectMethodHandle$Holder.invokeStatic(java.lang.Object, int, java.lang.Object, java.lang.Object)'> (0x0000000089b1a188) 
thrown [t:\workspace\open\src\hotspot\share\interpreter\linkResolver.cpp, line 766]
Event: 310.788 Thread 0x000001ffcdb7e430 Exception <a 'java/lang/reflect/InvocationTargetException'{0x0000000089b74d90}> (0x0000000089b74d90) 
thrown [t:\workspace\open\src\hotspot\share\runtime\reflection.cpp, line 1121]
Event: 310.889 Thread 0x000001ffcdb7e430 Exception <a 'java/lang/NoSuchMethodError'{0x0000000086d369e0}: 'java.lang.Object java.lang.invoke.DirectMethodHandle$Holder.invokeVirtual(java.lang.Object, java.lang.Object, java.lang.Object, java.lang.Object, java.lang.Object)'> (0x0000000086d369e0) 
thrown [t:\workspace\open\src\hotspot\share\interpreter\linkResolver.cpp, line 766]
Event: 310.902 Thread 0x000001ffcdb7e430 Implicit null exception at 0x000001ffbb5a6b40 to 0x000001ffbb5a6d58
Event: 1198.610 Thread 0x000001ffcdb7c750 Exception <a 'java/lang/NoSuchMethodError'{0x0000000083db6f80}: 'java.lang.Object java.lang.invoke.Invokers$Holder.invoke_MT(java.lang.Object, java.lang.Object, java.lang.Object)'> (0x0000000083db6f80) 
thrown [t:\workspace\open\src\hotspot\share\interpreter\linkResolver.cpp, line 766]
Event: 1198.631 Thread 0x000001ffcdb7c750 Implicit null exception at 0x000001ffbb56c055 to 0x000001ffbb56c10a
Event: 1205.100 Thread 0x000001ffcdb7df60 Exception <a 'java/lang/NoSuchMethodError'{0x0000000083b70ad0}: 'java.lang.Object java.lang.invoke.DirectMethodHandle$Holder.invokeStatic(java.lang.Object, int, int)'> (0x0000000083b70ad0) 
thrown [t:\workspace\open\src\hotspot\share\interpreter\linkResolver.cpp, line 766]
Event: 6674.667 Thread 0x000001ffcdb7c750 Exception <a 'java/lang/reflect/InvocationTargetException'{0x0000000086b44f58}> (0x0000000086b44f58) 
thrown [t:\workspace\open\src\hotspot\share\runtime\reflection.cpp, line 1121]
Event: 6674.667 Thread 0x000001ffcdb7df60 Exception <a 'java/lang/reflect/InvocationTargetException'{0x0000000086b3e040}> (0x0000000086b3e040) 
thrown [t:\workspace\open\src\hotspot\share\runtime\reflection.cpp, line 1121]
Event: 6675.269 Thread 0x000001ffcdb7b410 Exception <a 'java/lang/reflect/InvocationTargetException'{0x0000000084144308}> (0x0000000084144308) 
thrown [t:\workspace\open\src\hotspot\share\runtime\reflection.cpp, line 1121]
Event: 6675.274 Thread 0x000001ffcdb7e430 Exception <a 'java/lang/reflect/InvocationTargetException'{0x000000008414e1d8}> (0x000000008414e1d8) 
thrown [t:\workspace\open\src\hotspot\share\runtime\reflection.cpp, line 1121]
Event: 6683.096 Thread 0x000001ffcdb7e430 Implicit null exception at 0x000001ffbb7b1fb6 to 0x000001ffbb7b2024
Event: 6683.321 Thread 0x000001ffcdb7c280 Exception <a 'java/lang/reflect/InvocationTargetException'{0x0000000084309658}> (0x0000000084309658) 
thrown [t:\workspace\open\src\hotspot\share\runtime\reflection.cpp, line 1121]
Event: 6810.458 Thread 0x000001ffcdb7bdb0 Implicit null exception at 0x000001ffbbc79976 to 0x000001ffbbc7a3ec
Event: 6810.460 Thread 0x000001ffcdb7aa70 Implicit null exception at 0x000001ffbbc79976 to 0x000001ffbbc7a3ec

VM Operations (20 events):
Event: 6899.954 Executing VM operation: Cleanup
Event: 6899.954 Executing VM operation: Cleanup done
Event: 6900.944 Executing VM operation: G1CollectForAllocation
Event: 6900.946 Executing VM operation: G1CollectForAllocation done
Event: 6901.951 Executing VM operation: Cleanup
Event: 6901.951 Executing VM operation: Cleanup done
Event: 6903.544 Executing VM operation: G1CollectForAllocation
Event: 6903.546 Executing VM operation: G1CollectForAllocation done
Event: 6904.559 Executing VM operation: Cleanup
Event: 6904.559 Executing VM operation: Cleanup done
Event: 6909.186 Executing VM operation: G1CollectForAllocation
Event: 6909.187 Executing VM operation: G1CollectForAllocation done
Event: 6911.178 Executing VM operation: G1CollectForAllocation
Event: 6911.202 Executing VM operation: G1CollectForAllocation done
Event: 6915.195 Executing VM operation: G1CollectForAllocation
Event: 6915.196 Executing VM operation: G1CollectForAllocation done
Event: 6916.200 Executing VM operation: Cleanup
Event: 6916.200 Executing VM operation: Cleanup done
Event: 6916.213 Executing VM operation: G1CollectForAllocation
Event: 6916.214 Executing VM operation: G1CollectForAllocation done

Events (20 events):
Event: 6765.387 Thread 0x000001ffca1e6740 flushing nmethod 0x000001ffb4ee3610
Event: 6765.387 Thread 0x000001ffca1e6740 flushing nmethod 0x000001ffb4ee8610
Event: 6765.387 Thread 0x000001ffca1e6740 flushing nmethod 0x000001ffb4ee9c10
Event: 6765.387 Thread 0x000001ffca1e6740 flushing nmethod 0x000001ffb4eea910
Event: 6765.387 Thread 0x000001ffca1e6740 flushing nmethod 0x000001ffb4eead90
Event: 6765.387 Thread 0x000001ffca1e6740 flushing nmethod 0x000001ffb4ef5890
Event: 6765.387 Thread 0x000001ffca1e6740 flushing nmethod 0x000001ffb4ef6290
Event: 6765.387 Thread 0x000001ffca1e6740 flushing nmethod 0x000001ffb4f04110
Event: 6765.387 Thread 0x000001ffca1e6740 flushing nmethod 0x000001ffb4f04610
Event: 6765.387 Thread 0x000001ffca1e6740 flushing nmethod 0x000001ffb4f05710
Event: 6765.387 Thread 0x000001ffca1e6740 flushing nmethod 0x000001ffb4f06610
Event: 6765.387 Thread 0x000001ffca1e6740 flushing nmethod 0x000001ffb4f06b10
Event: 6765.387 Thread 0x000001ffca1e6740 flushing nmethod 0x000001ffb4f07010
Event: 6765.387 Thread 0x000001ffca1e6740 flushing nmethod 0x000001ffb4f08490
Event: 6765.388 Thread 0x000001ffca1e6740 flushing nmethod 0x000001ffb4f0f890
Event: 6765.388 Thread 0x000001ffca1e6740 flushing nmethod 0x000001ffb4f11310
Event: 6765.388 Thread 0x000001ffca1e6740 flushing nmethod 0x000001ffb4f53790
Event: 6765.388 Thread 0x000001ffca1e6740 flushing nmethod 0x000001ffb4f72a10
Event: 6765.388 Thread 0x000001ffca1e6740 flushing nmethod 0x000001ffb4fac290
Event: 6765.388 Thread 0x000001ffca1e6740 flushing nmethod 0x000001ffb4fad490


Dynamic libraries:
0x00007ff7252b0000 - 0x00007ff7252be000 	C:\Users\arunk\.jdks\openjdk-17.0.2\bin\java.exe
0x00007fff6a330000 - 0x00007fff6a525000 	C:\WINDOWS\SYSTEM32\ntdll.dll
0x00007fff68920000 - 0x00007fff689de000 	C:\WINDOWS\System32\KERNEL32.DLL
0x00007fff67f70000 - 0x00007fff68238000 	C:\WINDOWS\System32\KERNELBASE.dll
0x00007fff67ca0000 - 0x00007fff67da0000 	C:\WINDOWS\System32\ucrtbase.dll
0x00007fff48590000 - 0x00007fff485aa000 	C:\Users\arunk\.jdks\openjdk-17.0.2\bin\VCRUNTIME140.dll
0x00007fff48570000 - 0x00007fff48588000 	C:\Users\arunk\.jdks\openjdk-17.0.2\bin\jli.dll
0x00007fff69880000 - 0x00007fff69a20000 	C:\WINDOWS\System32\USER32.dll
0x00007fff67a40000 - 0x00007fff67a62000 	C:\WINDOWS\System32\win32u.dll
0x00007fff51580000 - 0x00007fff5181a000 	C:\WINDOWS\WinSxS\amd64_microsoft.windows.common-controls_6595b64144ccf1df_6.0.19041.1110_none_60b5254171f9507e\COMCTL32.dll
0x00007fff688f0000 - 0x00007fff6891b000 	C:\WINDOWS\System32\GDI32.dll
0x00007fff6a250000 - 0x00007fff6a2ee000 	C:\WINDOWS\System32\msvcrt.dll
0x00007fff67e60000 - 0x00007fff67f6d000 	C:\WINDOWS\System32\gdi32full.dll
0x00007fff67bd0000 - 0x00007fff67c6d000 	C:\WINDOWS\System32\msvcp_win.dll
0x00007fff69770000 - 0x00007fff697a0000 	C:\WINDOWS\System32\IMM32.DLL
0x00007fff50e00000 - 0x00007fff50e0c000 	C:\Users\arunk\.jdks\openjdk-17.0.2\bin\vcruntime140_1.dll
0x00007fff484e0000 - 0x00007fff4856d000 	C:\Users\arunk\.jdks\openjdk-17.0.2\bin\msvcp140.dll
0x00007fff02530000 - 0x00007fff030f1000 	C:\Users\arunk\.jdks\openjdk-17.0.2\bin\server\jvm.dll
0x00007fff696c0000 - 0x00007fff6976e000 	C:\WINDOWS\System32\ADVAPI32.dll
0x00007fff687d0000 - 0x00007fff6886c000 	C:\WINDOWS\System32\sechost.dll
0x00007fff68430000 - 0x00007fff68555000 	C:\WINDOWS\System32\RPCRT4.dll
0x00007fff689e0000 - 0x00007fff689e8000 	C:\WINDOWS\System32\PSAPI.DLL
0x00007fff60f60000 - 0x00007fff60f6a000 	C:\WINDOWS\SYSTEM32\VERSION.dll
0x00007fff56d50000 - 0x00007fff56d59000 	C:\WINDOWS\SYSTEM32\WSOCK32.dll
0x00007fff55770000 - 0x00007fff55797000 	C:\WINDOWS\SYSTEM32\WINMM.dll
0x00007fff69a20000 - 0x00007fff69a8b000 	C:\WINDOWS\System32\WS2_32.dll
0x00007fff662b0000 - 0x00007fff662c2000 	C:\WINDOWS\SYSTEM32\kernel.appcore.dll
0x00007fff4df10000 - 0x00007fff4df1a000 	C:\Users\arunk\.jdks\openjdk-17.0.2\bin\jimage.dll
0x00007fff65f80000 - 0x00007fff66164000 	C:\WINDOWS\SYSTEM32\DBGHELP.DLL
0x00007fff4eb80000 - 0x00007fff4ebac000 	C:\WINDOWS\SYSTEM32\dbgcore.DLL
0x00007fff68240000 - 0x00007fff682c2000 	C:\WINDOWS\System32\bcryptPrimitives.dll
0x00007fff4abc0000 - 0x00007fff4abce000 	C:\Users\arunk\.jdks\openjdk-17.0.2\bin\instrument.dll
0x00007fff484b0000 - 0x00007fff484d5000 	C:\Users\arunk\.jdks\openjdk-17.0.2\bin\java.dll
0x00007fff483d0000 - 0x00007fff484a6000 	C:\Users\arunk\.jdks\openjdk-17.0.2\bin\jsvml.dll
0x00007fff68f60000 - 0x00007fff696a4000 	C:\WINDOWS\System32\SHELL32.dll
0x00007fff657e0000 - 0x00007fff65f74000 	C:\WINDOWS\SYSTEM32\windows.storage.dll
0x00007fff68ba0000 - 0x00007fff68ef5000 	C:\WINDOWS\System32\combase.dll
0x00007fff672e0000 - 0x00007fff6730e000 	C:\WINDOWS\SYSTEM32\Wldp.dll
0x00007fff68690000 - 0x00007fff6873d000 	C:\WINDOWS\System32\SHCORE.dll
0x00007fff68870000 - 0x00007fff688c5000 	C:\WINDOWS\System32\shlwapi.dll
0x00007fff67980000 - 0x00007fff6799f000 	C:\WINDOWS\SYSTEM32\profapi.dll
0x00007fff483b0000 - 0x00007fff483c8000 	C:\Users\arunk\.jdks\openjdk-17.0.2\bin\zip.dll
0x00007fff48390000 - 0x00007fff483a9000 	C:\Users\arunk\.jdks\openjdk-17.0.2\bin\net.dll
0x00007fff60de0000 - 0x00007fff60eec000 	C:\WINDOWS\SYSTEM32\WINHTTP.dll
0x00007fff670c0000 - 0x00007fff6712a000 	C:\WINDOWS\system32\mswsock.dll
0x00007fff48370000 - 0x00007fff48386000 	C:\Users\arunk\.jdks\openjdk-17.0.2\bin\nio.dll
0x00007fff48350000 - 0x00007fff4836a000 	C:\IntelliJ IDEA Community Edition 2021.3.2\bin\breakgen64.dll
0x00007fff4a2b0000 - 0x00007fff4a2c0000 	C:\Users\arunk\.jdks\openjdk-17.0.2\bin\verify.dll
0x00007fff48f90000 - 0x00007fff48f99000 	C:\Users\arunk\.jdks\openjdk-17.0.2\bin\management.dll
0x00007fff48340000 - 0x00007fff4834b000 	C:\Users\arunk\.jdks\openjdk-17.0.2\bin\management_ext.dll
0x00007fff4b690000 - 0x00007fff4b6a7000 	C:\WINDOWS\system32\napinsp.dll
0x00007fff4b670000 - 0x00007fff4b68b000 	C:\WINDOWS\system32\pnrpnsp.dll
0x00007fff60dc0000 - 0x00007fff60dd5000 	C:\WINDOWS\system32\wshbth.dll
0x00007fff62600000 - 0x00007fff6261d000 	C:\WINDOWS\system32\NLAapi.dll
0x00007fff66dd0000 - 0x00007fff66e0b000 	C:\WINDOWS\SYSTEM32\IPHLPAPI.DLL
0x00007fff66e10000 - 0x00007fff66edb000 	C:\WINDOWS\SYSTEM32\DNSAPI.dll
0x00007fff696b0000 - 0x00007fff696b8000 	C:\WINDOWS\System32\NSI.dll
0x00007fff4aa10000 - 0x00007fff4aa22000 	C:\WINDOWS\System32\winrnr.dll
0x00007fff5d8e0000 - 0x00007fff5d8ea000 	C:\Windows\System32\rasadhlp.dll
0x00007fff5a940000 - 0x00007fff5a9bf000 	C:\WINDOWS\System32\fwpuclnt.dll
0x00007fff67c70000 - 0x00007fff67c97000 	C:\WINDOWS\System32\bcrypt.dll
0x00007fff67390000 - 0x00007fff673a8000 	C:\WINDOWS\SYSTEM32\CRYPTSP.dll
0x00007fff66a60000 - 0x00007fff66a94000 	C:\WINDOWS\system32\rsaenh.dll
0x00007fff67940000 - 0x00007fff6796e000 	C:\WINDOWS\SYSTEM32\USERENV.dll
0x00007fff67250000 - 0x00007fff6725c000 	C:\WINDOWS\SYSTEM32\CRYPTBASE.dll
0x00007fff5f7c0000 - 0x00007fff5f7d7000 	C:\WINDOWS\SYSTEM32\dhcpcsvc6.DLL
0x00007fff60220000 - 0x00007fff6023d000 	C:\WINDOWS\SYSTEM32\dhcpcsvc.DLL
0x00007fff58ba0000 - 0x00007fff58bae000 	C:\Users\arunk\.jdks\openjdk-17.0.2\bin\sunmscapi.dll
0x00007fff67a70000 - 0x00007fff67bc6000 	C:\WINDOWS\System32\CRYPT32.dll
0x00007fff67350000 - 0x00007fff67377000 	C:\WINDOWS\SYSTEM32\ncrypt.dll
0x00007fff67310000 - 0x00007fff6734b000 	C:\WINDOWS\SYSTEM32\NTASN1.dll
0x00007fff56cf0000 - 0x00007fff56cf7000 	C:\WINDOWS\system32\wshunix.dll

dbghelp: loaded successfully - version: 4.0.5 - missing functions: none
symbol engine: initialized successfully - sym options: 0x614 - pdb path: .;C:\Users\arunk\.jdks\openjdk-17.0.2\bin;C:\WINDOWS\SYSTEM32;C:\WINDOWS\WinSxS\amd64_microsoft.windows.common-controls_6595b64144ccf1df_6.0.19041.1110_none_60b5254171f9507e;C:\Users\arunk\.jdks\openjdk-17.0.2\bin\server;C:\IntelliJ IDEA Community Edition 2021.3.2\bin

VM Arguments:
jvm_args: -javaagent:C:\IntelliJ IDEA Community Edition 2021.3.2\lib\idea_rt.jar=57709:C:\IntelliJ IDEA Community Edition 2021.3.2\bin -Dfile.encoding=UTF-8 
java_command: com.test.test.TestApplicationKt
java_class_path (initial): C:\Users\arunk\Desktop\full stack\test\build\classes\kotlin\main;C:\Users\arunk\Desktop\full stack\test\build\resources\main;C:\Users\arunk\.gradle\caches\modules-2\files-2.1\org.springframework.boot\spring-boot-starter-data-mongodb\2.6.4\a81c2198235a957bc1c5ae2165a527c7e21a036d\spring-boot-starter-data-mongodb-2.6.4.jar;C:\Users\arunk\.gradle\caches\modules-2\files-2.1\org.springframework.boot\spring-boot-starter-web\2.6.4\4aa74a41a8ff99e256433805b0ee63a6053d6b6c\spring-boot-starter-web-2.6.4.jar;C:\Users\arunk\.gradle\caches\modules-2\files-2.1\com.fasterxml.jackson.module\jackson-module-kotlin\2.13.1\e8633bb172310b84462ebf586058b3babdbaf4b1\jackson-module-kotlin-2.13.1.jar;C:\Users\arunk\.gradle\caches\modules-2\files-2.1\org.jetbrains.kotlin\kotlin-reflect\1.6.10\1cbe9c92c12a94eea200d23c2bbaedaf3daf5132\kotlin-reflect-1.6.10.jar;C:\Users\arunk\.gradle\caches\modules-2\files-2.1\org.jetbrains.kotlin\kotlin-stdlib-jdk8\1.6.10\e80fe6ac3c3573a80305f5ec43f86b829e8ab53d\kotlin-stdlib-jdk8-1.6.10.jar;C:\Users\arunk\.gradle\caches\modules-2\files-2.1\org.springframework.boot\spring-boot-starter-validation\2.6.4\6fb780b99d1b895918918f30979d61f9212f424b\spring-boot-starter-validation-2.6.4.jar;C:\Users\arunk\.gradle\caches\modules-2\files-2.1\org.springframework.boot\spring-boot-starter\2.6.4\31adf5f726b6a5703815b99056110b96db7eff58\spring-boot-starter-2.6.4.jar;C:\Users\arunk\.gradle\caches\modules-2\files-2.1\org.mongodb\mongodb-driver-sync\4.4.2\76b3aed58069bef897eb675278212087f5c8730a\mongodb-driver-sync-4.4.2.jar;C:\Users\arunk\.gradle\caches\modules-2\files-2.1\org.springframework.data\spring-data-mongodb\3.3.2\4799534b2dbd6b7af7344727d8871b61239302f4\spring-data-mongodb-3.3.2.jar;C:\Users\arunk\.gradle\caches\modules-2\files-2.1\org.springframework.boot\spring-boot-starter-json\2.6.4\9aa13f5bd6e09510d89ec3874118f027613a9565\spring-boot-starter-json-2.6.4.jar;C:\Users\arunk\.gradle\caches\modules-2\files-2.1\org.springframework.boot\spri
Launcher Type: SUN_STANDARD

[Global flags]
     intx CICompilerCount                          = 4                                         {product} {ergonomic}
     uint ConcGCThreads                            = 2                                         {product} {ergonomic}
     uint G1ConcRefinementThreads                  = 8                                         {product} {ergonomic}
   size_t G1HeapRegionSize                         = 1048576                                   {product} {ergonomic}
    uintx GCDrainStackTargetSize                   = 64                                        {product} {ergonomic}
   size_t InitialHeapSize                          = 134217728                                 {product} {ergonomic}
   size_t MarkStackSize                            = 4194304                                   {product} {ergonomic}
   size_t MaxHeapSize                              = 2118123520                                {product} {ergonomic}
   size_t MaxNewSize                               = 1270874112                                {product} {ergonomic}
   size_t MinHeapDeltaBytes                        = 1048576                                   {product} {ergonomic}
   size_t MinHeapSize                              = 8388608                                   {product} {ergonomic}
    uintx NonNMethodCodeHeapSize                   = 5839372                                {pd product} {ergonomic}
    uintx NonProfiledCodeHeapSize                  = 122909434                              {pd product} {ergonomic}
    uintx ProfiledCodeHeapSize                     = 122909434                              {pd product} {ergonomic}
    uintx ReservedCodeCacheSize                    = 251658240                              {pd product} {ergonomic}
     bool SegmentedCodeCache                       = true                                      {product} {ergonomic}
   size_t SoftMaxHeapSize                          = 2118123520                             {manageable} {ergonomic}
     bool UseCompressedClassPointers               = true                           {product lp64_product} {ergonomic}
     bool UseCompressedOops                        = true                           {product lp64_product} {ergonomic}
     bool UseG1GC                                  = true                                      {product} {ergonomic}
     bool UseLargePagesIndividualAllocation        = false                                  {pd product} {ergonomic}

Logging:
Log output configuration:
 #0: stdout all=warning uptime,level,tags
 #1: stderr all=off uptime,level,tags

Environment Variables:
JAVA_HOME=C:\Program Files\Java\jdk-17.0.2
PATH=C:\Program Files\Common Files\Oracle\Java\javapath;C:\Program Files (x86)\Intel\Intel(R) Management Engine Components\iCLS\;C:\Program Files\Intel\Intel(R) Management Engine Components\iCLS\;C:\Windows\system32;C:\Windows;C:\Windows\System32\Wbem;C:\Windows\System32\WindowsPowerShell\v1.0\;C:\Windows\System32\OpenSSH\;C:\Program Files (x86)\NVIDIA Corporation\PhysX\Common;C:\Program Files (x86)\Intel\Intel(R) Management Engine Components\DAL;C:\Program Files\Intel\Intel(R) Management Engine Components\DAL;C:\Program Files (x86)\Intel\Intel(R) Management Engine Components\IPT;C:\Program Files\Intel\Intel(R) Management Engine Components\IPT;C:\Program Files\Intel\WiFi\bin\;C:\Program Files\Common Files\Intel\WirelessCommon\;C:\WINDOWS\system32;C:\WINDOWS;C:\WINDOWS\System32\Wbem;C:\WINDOWS\System32\WindowsPowerShell\v1.0\;C:\WINDOWS\System32\OpenSSH\;C:\Program Files\MySQL\MySQL Server 8.0\bin;C:\Program Files\nodejs\;C:\MinGW\bin;C:\Program Files\Git\cmd;C:\Program Files\MongoDB\Server\5.0\bin;C:\Program Files\Java\jdk-17.0.2\bin;C:\Users\arunk\AppData\Local\Microsoft\WindowsApps;"C:\Users\arunk\AppData\Local\Programs\Microsoft VS Code\bin;";C:\Users\arunk\AppData\Local\GitHubDesktop\bin;C:\Users\arunk\AppData\Roaming\npm;C:\MinGW\bin;C:\Users\arunk\AppData\Local\Programs\Microsoft VS Code\bin;C:\IntelliJ IDEA Community Edition 2021.3.2\bin;
USERNAME=arunk
OS=Windows_NT
PROCESSOR_IDENTIFIER=Intel64 Family 6 Model 142 Stepping 10, GenuineIntel



---------------  S Y S T E M  ---------------

OS:
 Windows 10 , 64 bit Build 19041 (10.0.19041.1503)
OS uptime: 0 days 10:04 hours
Hyper-V role detected

CPU: total 8 (initial active 8) (4 cores per cpu, 2 threads per core) family 6 model 142 stepping 10 microcode 0xb4, cx8, cmov, fxsr, ht, mmx, 3dnowpref, sse, sse2, sse3, ssse3, sse4.1, sse4.2, popcnt, lzcnt, tsc, tscinvbit, avx, avx2, aes, erms, clmul, bmi1, bmi2, adx, fma, vzeroupper, clflush, clflushopt, hv

Memory: 4k page, system-wide physical 8073M (468M free)
TotalPageFile size 32649M (AvailPageFile size 5M)
current process WorkingSet (physical memory assigned to process): 192M, peak: 212M
current process commit charge ("private bytes"): 268M, peak: 291M

vm_info: OpenJDK 64-Bit Server VM (17.0.2+8-86) for windows-amd64 JRE (17.0.2+8-86), built on Dec  7 2021 21:49:10 by "mach5one" with MS VC++ 16.8 / 16.9 (VS2019)

END.
